INFO - 2023-08-02 00:30:32 --> Session: Class initialized using 'CodeIgniter\Session\Handlers\FileHandler' driver.
INFO - 2023-08-02 00:36:51 --> Session: Class initialized using 'CodeIgniter\Session\Handlers\FileHandler' driver.
INFO - 2023-08-02 00:41:00 --> Session: Class initialized using 'CodeIgniter\Session\Handlers\FileHandler' driver.
CRITICAL - 2023-08-02 00:59:18 --> scandir(http://localhost/NCQ/public/img/galeria/): Failed to open directory: not implemented
in APPPATH\Views\about.php on line 706.
 1 [internal function]: CodeIgniter\Debug\Exceptions->errorHandler(2, 'scandir(http://localhost/NCQ/public/img/galeria/): Failed to open directory: not implemented', 'C:\\xampp\\htdocs\\NCQ\\app\\Views\\about.php', 706)
 2 APPPATH\Views\about.php(706): scandir('http://localhost/NCQ/public/img/galeria/')
 3 SYSTEMPATH\View\View.php(224): include('C:\\xampp\\htdocs\\NCQ\\app\\Views\\about.php')
 4 SYSTEMPATH\View\View.php(227): CodeIgniter\View\View->CodeIgniter\View\{closure}()
 5 SYSTEMPATH\Common.php(1180): CodeIgniter\View\View->render('about', [], true)
 6 APPPATH\Controllers\Home.php(31): view('about')
 7 SYSTEMPATH\CodeIgniter.php(932): App\Controllers\Home->acerca()
 8 SYSTEMPATH\CodeIgniter.php(497): CodeIgniter\CodeIgniter->runController(Object(App\Controllers\Home))
 9 SYSTEMPATH\CodeIgniter.php(366): CodeIgniter\CodeIgniter->handleRequest(null, Object(Config\Cache), false)
10 FCPATH\index.php(67): CodeIgniter\CodeIgniter->run()
CRITICAL - 2023-08-02 01:04:53 --> Unsupported operand types: string + string
in APPPATH\Views\about.php on line 703.
 1 SYSTEMPATH\View\View.php(224): include()
 2 SYSTEMPATH\View\View.php(227): CodeIgniter\View\View->CodeIgniter\View\{closure}()
 3 SYSTEMPATH\Common.php(1180): CodeIgniter\View\View->render('about', [], true)
 4 APPPATH\Controllers\Home.php(31): view('about')
 5 SYSTEMPATH\CodeIgniter.php(932): App\Controllers\Home->acerca()
 6 SYSTEMPATH\CodeIgniter.php(497): CodeIgniter\CodeIgniter->runController(Object(App\Controllers\Home))
 7 SYSTEMPATH\CodeIgniter.php(366): CodeIgniter\CodeIgniter->handleRequest(null, Object(Config\Cache), false)
 8 FCPATH\index.php(67): CodeIgniter\CodeIgniter->run()
CRITICAL - 2023-08-02 01:05:02 --> scandir(http://localhost/NCQ/public/img/galeria/): Failed to open directory: not implemented
in APPPATH\Views\about.php on line 706.
 1 [internal function]: CodeIgniter\Debug\Exceptions->errorHandler(2, 'scandir(http://localhost/NCQ/public/img/galeria/): Failed to open directory: not implemented', 'C:\\xampp\\htdocs\\NCQ\\app\\Views\\about.php', 706)
 2 APPPATH\Views\about.php(706): scandir('http://localhost/NCQ/public/img/galeria/')
 3 SYSTEMPATH\View\View.php(224): include('C:\\xampp\\htdocs\\NCQ\\app\\Views\\about.php')
 4 SYSTEMPATH\View\View.php(227): CodeIgniter\View\View->CodeIgniter\View\{closure}()
 5 SYSTEMPATH\Common.php(1180): CodeIgniter\View\View->render('about', [], true)
 6 APPPATH\Controllers\Home.php(31): view('about')
 7 SYSTEMPATH\CodeIgniter.php(932): App\Controllers\Home->acerca()
 8 SYSTEMPATH\CodeIgniter.php(497): CodeIgniter\CodeIgniter->runController(Object(App\Controllers\Home))
 9 SYSTEMPATH\CodeIgniter.php(366): CodeIgniter\CodeIgniter->handleRequest(null, Object(Config\Cache), false)
10 FCPATH\index.php(67): CodeIgniter\CodeIgniter->run()
CRITICAL - 2023-08-02 01:05:19 --> scandir(http://localhost/NCQ/public/img/galeria): Failed to open directory: not implemented
in APPPATH\Views\about.php on line 706.
 1 [internal function]: CodeIgniter\Debug\Exceptions->errorHandler(2, 'scandir(http://localhost/NCQ/public/img/galeria): Failed to open directory: not implemented', 'C:\\xampp\\htdocs\\NCQ\\app\\Views\\about.php', 706)
 2 APPPATH\Views\about.php(706): scandir('http://localhost/NCQ/public/img/galeria')
 3 SYSTEMPATH\View\View.php(224): include('C:\\xampp\\htdocs\\NCQ\\app\\Views\\about.php')
 4 SYSTEMPATH\View\View.php(227): CodeIgniter\View\View->CodeIgniter\View\{closure}()
 5 SYSTEMPATH\Common.php(1180): CodeIgniter\View\View->render('about', [], true)
 6 APPPATH\Controllers\Home.php(31): view('about')
 7 SYSTEMPATH\CodeIgniter.php(932): App\Controllers\Home->acerca()
 8 SYSTEMPATH\CodeIgniter.php(497): CodeIgniter\CodeIgniter->runController(Object(App\Controllers\Home))
 9 SYSTEMPATH\CodeIgniter.php(366): CodeIgniter\CodeIgniter->handleRequest(null, Object(Config\Cache), false)
10 FCPATH\index.php(67): CodeIgniter\CodeIgniter->run()
CRITICAL - 2023-08-02 01:07:33 --> scandir(http://localhost/NCQ/public/img/galeria/): Failed to open directory: not implemented
in APPPATH\Views\about.php on line 706.
 1 [internal function]: CodeIgniter\Debug\Exceptions->errorHandler(2, 'scandir(http://localhost/NCQ/public/img/galeria/): Failed to open directory: not implemented', 'C:\\xampp\\htdocs\\NCQ\\app\\Views\\about.php', 706)
 2 APPPATH\Views\about.php(706): scandir('http://localhost/NCQ/public/img/galeria/')
 3 SYSTEMPATH\View\View.php(224): include('C:\\xampp\\htdocs\\NCQ\\app\\Views\\about.php')
 4 SYSTEMPATH\View\View.php(227): CodeIgniter\View\View->CodeIgniter\View\{closure}()
 5 SYSTEMPATH\Common.php(1180): CodeIgniter\View\View->render('about', [], true)
 6 APPPATH\Controllers\Home.php(31): view('about')
 7 SYSTEMPATH\CodeIgniter.php(932): App\Controllers\Home->acerca()
 8 SYSTEMPATH\CodeIgniter.php(497): CodeIgniter\CodeIgniter->runController(Object(App\Controllers\Home))
 9 SYSTEMPATH\CodeIgniter.php(366): CodeIgniter\CodeIgniter->handleRequest(null, Object(Config\Cache), false)
10 FCPATH\index.php(67): CodeIgniter\CodeIgniter->run()
CRITICAL - 2023-08-02 01:07:37 --> scandir(http://localhost/NCQ/public/img/galeria/): Failed to open directory: not implemented
in APPPATH\Views\about.php on line 706.
 1 [internal function]: CodeIgniter\Debug\Exceptions->errorHandler(2, 'scandir(http://localhost/NCQ/public/img/galeria/): Failed to open directory: not implemented', 'C:\\xampp\\htdocs\\NCQ\\app\\Views\\about.php', 706)
 2 APPPATH\Views\about.php(706): scandir('http://localhost/NCQ/public/img/galeria/')
 3 SYSTEMPATH\View\View.php(224): include('C:\\xampp\\htdocs\\NCQ\\app\\Views\\about.php')
 4 SYSTEMPATH\View\View.php(227): CodeIgniter\View\View->CodeIgniter\View\{closure}()
 5 SYSTEMPATH\Common.php(1180): CodeIgniter\View\View->render('about', [], true)
 6 APPPATH\Controllers\Home.php(31): view('about')
 7 SYSTEMPATH\CodeIgniter.php(932): App\Controllers\Home->acerca()
 8 SYSTEMPATH\CodeIgniter.php(497): CodeIgniter\CodeIgniter->runController(Object(App\Controllers\Home))
 9 SYSTEMPATH\CodeIgniter.php(366): CodeIgniter\CodeIgniter->handleRequest(null, Object(Config\Cache), false)
10 FCPATH\index.php(67): CodeIgniter\CodeIgniter->run()
