INFO - 2023-08-01 14:38:35 --> Session: Class initialized using 'CodeIgniter\Session\Handlers\FileHandler' driver.
INFO - 2023-08-01 20:50:20 --> Session: Class initialized using 'CodeIgniter\Session\Handlers\FileHandler' driver.
INFO - 2023-08-01 20:54:45 --> Session: Class initialized using 'CodeIgniter\Session\Handlers\FileHandler' driver.
CRITICAL - 2023-08-01 21:02:31 --> Undefined variable $images
in APPPATH\Views\about.php on line 30.
 1 APPPATH\Views\about.php(30): CodeIgniter\Debug\Exceptions->errorHandler(2, 'Undefined variable $images', 'C:\\xampp\\htdocs\\NCQ\\app\\Views\\about.php', 30)
 2 SYSTEMPATH\View\View.php(224): include('C:\\xampp\\htdocs\\NCQ\\app\\Views\\about.php')
 3 SYSTEMPATH\View\View.php(227): CodeIgniter\View\View->CodeIgniter\View\{closure}()
 4 SYSTEMPATH\Common.php(1180): CodeIgniter\View\View->render('about', [], true)
 5 APPPATH\Controllers\Home.php(31): view('about')
 6 SYSTEMPATH\CodeIgniter.php(932): App\Controllers\Home->acerca()
 7 SYSTEMPATH\CodeIgniter.php(497): CodeIgniter\CodeIgniter->runController(Object(App\Controllers\Home))
 8 SYSTEMPATH\CodeIgniter.php(366): CodeIgniter\CodeIgniter->handleRequest(null, Object(Config\Cache), false)
 9 FCPATH\index.php(67): CodeIgniter\CodeIgniter->run()
CRITICAL - 2023-08-01 23:04:01 --> Undefined variable $images
in APPPATH\Views\about.php on line 664.
 1 APPPATH\Views\about.php(664): CodeIgniter\Debug\Exceptions->errorHandler(2, 'Undefined variable $images', 'C:\\xampp\\htdocs\\NCQ\\app\\Views\\about.php', 664)
 2 SYSTEMPATH\View\View.php(224): include('C:\\xampp\\htdocs\\NCQ\\app\\Views\\about.php')
 3 SYSTEMPATH\View\View.php(227): CodeIgniter\View\View->CodeIgniter\View\{closure}()
 4 SYSTEMPATH\Common.php(1180): CodeIgniter\View\View->render('about', [], true)
 5 APPPATH\Controllers\Home.php(31): view('about')
 6 SYSTEMPATH\CodeIgniter.php(932): App\Controllers\Home->acerca()
 7 SYSTEMPATH\CodeIgniter.php(497): CodeIgniter\CodeIgniter->runController(Object(App\Controllers\Home))
 8 SYSTEMPATH\CodeIgniter.php(366): CodeIgniter\CodeIgniter->handleRequest(null, Object(Config\Cache), false)
 9 FCPATH\index.php(67): CodeIgniter\CodeIgniter->run()
CRITICAL - 2023-08-01 23:06:04 --> Undefined variable $images
in APPPATH\Views\about.php on line 667.
 1 APPPATH\Views\about.php(667): CodeIgniter\Debug\Exceptions->errorHandler(2, 'Undefined variable $images', 'C:\\xampp\\htdocs\\NCQ\\app\\Views\\about.php', 667)
 2 SYSTEMPATH\View\View.php(224): include('C:\\xampp\\htdocs\\NCQ\\app\\Views\\about.php')
 3 SYSTEMPATH\View\View.php(227): CodeIgniter\View\View->CodeIgniter\View\{closure}()
 4 SYSTEMPATH\Common.php(1180): CodeIgniter\View\View->render('about', [], true)
 5 APPPATH\Controllers\Home.php(31): view('about')
 6 SYSTEMPATH\CodeIgniter.php(932): App\Controllers\Home->acerca()
 7 SYSTEMPATH\CodeIgniter.php(497): CodeIgniter\CodeIgniter->runController(Object(App\Controllers\Home))
 8 SYSTEMPATH\CodeIgniter.php(366): CodeIgniter\CodeIgniter->handleRequest(null, Object(Config\Cache), false)
 9 FCPATH\index.php(67): CodeIgniter\CodeIgniter->run()
CRITICAL - 2023-08-01 23:06:05 --> Undefined variable $images
in APPPATH\Views\about.php on line 667.
 1 APPPATH\Views\about.php(667): CodeIgniter\Debug\Exceptions->errorHandler(2, 'Undefined variable $images', 'C:\\xampp\\htdocs\\NCQ\\app\\Views\\about.php', 667)
 2 SYSTEMPATH\View\View.php(224): include('C:\\xampp\\htdocs\\NCQ\\app\\Views\\about.php')
 3 SYSTEMPATH\View\View.php(227): CodeIgniter\View\View->CodeIgniter\View\{closure}()
 4 SYSTEMPATH\Common.php(1180): CodeIgniter\View\View->render('about', [], true)
 5 APPPATH\Controllers\Home.php(31): view('about')
 6 SYSTEMPATH\CodeIgniter.php(932): App\Controllers\Home->acerca()
 7 SYSTEMPATH\CodeIgniter.php(497): CodeIgniter\CodeIgniter->runController(Object(App\Controllers\Home))
 8 SYSTEMPATH\CodeIgniter.php(366): CodeIgniter\CodeIgniter->handleRequest(null, Object(Config\Cache), false)
 9 FCPATH\index.php(67): CodeIgniter\CodeIgniter->run()
CRITICAL - 2023-08-01 23:06:06 --> Undefined variable $images
in APPPATH\Views\about.php on line 667.
 1 APPPATH\Views\about.php(667): CodeIgniter\Debug\Exceptions->errorHandler(2, 'Undefined variable $images', 'C:\\xampp\\htdocs\\NCQ\\app\\Views\\about.php', 667)
 2 SYSTEMPATH\View\View.php(224): include('C:\\xampp\\htdocs\\NCQ\\app\\Views\\about.php')
 3 SYSTEMPATH\View\View.php(227): CodeIgniter\View\View->CodeIgniter\View\{closure}()
 4 SYSTEMPATH\Common.php(1180): CodeIgniter\View\View->render('about', [], true)
 5 APPPATH\Controllers\Home.php(31): view('about')
 6 SYSTEMPATH\CodeIgniter.php(932): App\Controllers\Home->acerca()
 7 SYSTEMPATH\CodeIgniter.php(497): CodeIgniter\CodeIgniter->runController(Object(App\Controllers\Home))
 8 SYSTEMPATH\CodeIgniter.php(366): CodeIgniter\CodeIgniter->handleRequest(null, Object(Config\Cache), false)
 9 FCPATH\index.php(67): CodeIgniter\CodeIgniter->run()
CRITICAL - 2023-08-01 23:06:06 --> Undefined variable $images
in APPPATH\Views\about.php on line 667.
 1 APPPATH\Views\about.php(667): CodeIgniter\Debug\Exceptions->errorHandler(2, 'Undefined variable $images', 'C:\\xampp\\htdocs\\NCQ\\app\\Views\\about.php', 667)
 2 SYSTEMPATH\View\View.php(224): include('C:\\xampp\\htdocs\\NCQ\\app\\Views\\about.php')
 3 SYSTEMPATH\View\View.php(227): CodeIgniter\View\View->CodeIgniter\View\{closure}()
 4 SYSTEMPATH\Common.php(1180): CodeIgniter\View\View->render('about', [], true)
 5 APPPATH\Controllers\Home.php(31): view('about')
 6 SYSTEMPATH\CodeIgniter.php(932): App\Controllers\Home->acerca()
 7 SYSTEMPATH\CodeIgniter.php(497): CodeIgniter\CodeIgniter->runController(Object(App\Controllers\Home))
 8 SYSTEMPATH\CodeIgniter.php(366): CodeIgniter\CodeIgniter->handleRequest(null, Object(Config\Cache), false)
 9 FCPATH\index.php(67): CodeIgniter\CodeIgniter->run()
CRITICAL - 2023-08-01 23:06:06 --> Undefined variable $images
in APPPATH\Views\about.php on line 667.
 1 APPPATH\Views\about.php(667): CodeIgniter\Debug\Exceptions->errorHandler(2, 'Undefined variable $images', 'C:\\xampp\\htdocs\\NCQ\\app\\Views\\about.php', 667)
 2 SYSTEMPATH\View\View.php(224): include('C:\\xampp\\htdocs\\NCQ\\app\\Views\\about.php')
 3 SYSTEMPATH\View\View.php(227): CodeIgniter\View\View->CodeIgniter\View\{closure}()
 4 SYSTEMPATH\Common.php(1180): CodeIgniter\View\View->render('about', [], true)
 5 APPPATH\Controllers\Home.php(31): view('about')
 6 SYSTEMPATH\CodeIgniter.php(932): App\Controllers\Home->acerca()
 7 SYSTEMPATH\CodeIgniter.php(497): CodeIgniter\CodeIgniter->runController(Object(App\Controllers\Home))
 8 SYSTEMPATH\CodeIgniter.php(366): CodeIgniter\CodeIgniter->handleRequest(null, Object(Config\Cache), false)
 9 FCPATH\index.php(67): CodeIgniter\CodeIgniter->run()
INFO - 2023-08-01 23:18:33 --> Session: Class initialized using 'CodeIgniter\Session\Handlers\FileHandler' driver.
INFO - 2023-08-01 23:42:54 --> Session: Class initialized using 'CodeIgniter\Session\Handlers\FileHandler' driver.
INFO - 2023-08-01 23:44:43 --> Session: Class initialized using 'CodeIgniter\Session\Handlers\FileHandler' driver.
CRITICAL - 2023-08-01 23:59:11 --> Undefined variable $key
in APPPATH\Views\about.php on line 515.
 1 APPPATH\Views\about.php(515): CodeIgniter\Debug\Exceptions->errorHandler(2, 'Undefined variable $key', 'C:\\xampp\\htdocs\\NCQ\\app\\Views\\about.php', 515)
 2 SYSTEMPATH\View\View.php(224): include('C:\\xampp\\htdocs\\NCQ\\app\\Views\\about.php')
 3 SYSTEMPATH\View\View.php(227): CodeIgniter\View\View->CodeIgniter\View\{closure}()
 4 SYSTEMPATH\Common.php(1180): CodeIgniter\View\View->render('about', [], true)
 5 APPPATH\Controllers\Home.php(31): view('about')
 6 SYSTEMPATH\CodeIgniter.php(932): App\Controllers\Home->acerca()
 7 SYSTEMPATH\CodeIgniter.php(497): CodeIgniter\CodeIgniter->runController(Object(App\Controllers\Home))
 8 SYSTEMPATH\CodeIgniter.php(366): CodeIgniter\CodeIgniter->handleRequest(null, Object(Config\Cache), false)
 9 FCPATH\index.php(67): CodeIgniter\CodeIgniter->run()
